
#################### 1D. 24-01-24 08:33:11 AM #########################
Subject File: /etc/login.defs
Key: PASS_MAX_DAYS
Req 1D: PASS

#################### 1D. 24-01-24 08:33:28 AM #########################
Subject File: /etc/login.defs
Key: PASS_MAX_DAYS
Req 1D Testcase 6: Non-compliant value.

#################### 1D. 24-01-24 08:33:52 AM #########################
Subject File: /etc/login.defs
Key: PASS_MAX_DAYS
Req 1D Testcase 5: Invalid key.

#################### 1D. 24-01-24 08:34:16 AM #########################
Subject File: /etc/login.defs
Key: PASS_MAX_DAYS
Req 1D: PASS

#################### 1D. 24-01-24 08:34:33 AM #########################
Subject File: /etc/login.defs
Key: PASS_MAX_DAYS
Req 1D: PASS

#################### 1D. 24-01-24 08:34:50 AM #########################
Subject File: /etc/login.defs
Key: PASS_MAX_DAYS
Req 1D: PASS

#################### 1D. 24-01-24 08:35:24 AM #########################
Subject File: /etc/login.defs
Key: PASS_MAX_DAYS
Req 1D Testcase 6: Non-compliant value.

#################### 1D. 24-01-24 08:35:43 AM #########################
Subject File: /etc/login.defs
Key: PASS_MAX_DAYS
Req 1D Testcase 4: Multiple values

#################### 1D. 24-01-24 08:44:43 AM #########################
Subject File: /etc/login.defs
Key: PASS_MAX_DAYS
Req 1D Testcase 5: Invalid key.

#################### 1D. 24-01-24 08:45:03 AM #########################
Subject File: /etc/login.defs
Key: PASS_MAX_DAYS
Req 1D Testcase 2: Key cannot be found.

#################### 1D. 24-01-24 08:45:36 AM #########################
Subject File: /etc/login.defs
Key: PASS_MAX_DAYS
Req 1D: PASS
