##################### RESULTS (25-01-24_21:42) #####################
Failure: 1 

# 1A. Ensure SSH root login is disable #########################
Subject File: /etc/ssh/sshd_config
Key: PermitRootLogin
Req 1A: PASS

# 1B. Ensure SSH PermitEmptyPasswords is disabled  #########################
Subject File: /etc/ssh/sshd_config
Key: PermitEmptyPasswords
Req 1B: PASS

# 1C. Ensure SSH Protocol is set to 2  #########################
Subject File: /etc/ssh/sshd_config
Key: Protocol
Req 1C Testcase 5: FAIL: Multiple values.

# 1D. Ensure password expiration is 90 days or less #########################
Subject File: /etc/login.defs
Key: PASS_MAX_DAYS
Req 1D: PASS

# 1E. Ensure system accounts are non-login  #########################
Subject File: /etc/passwd
Format: user:pass:uid:gid:gesoc:home_dir:command/shell
Req 1E: PASS
